<?xml version="1.0" encoding="UTF-8"?>
<!-- Generated by org.testng.reporters.JUnitReportReporter -->
<testsuite hostname="LAPTOP-5RGHKJ2R" failures="0" tests="1" name="LAT_AutoTest.SignIn" time="24.470" errors="0" timestamp="2025-01-10T02:01:22 GMT+07:00" skipped="0">
  <testcase classname="LAT_AutoTest.SignIn" name="loginTest" time="24.470"/>
  <system-out/>
</testsuite> <!-- LAT_AutoTest.SignIn -->
