<?xml version="1.0" encoding="UTF-8"?>
<!-- Generated by org.testng.reporters.JUnitReportReporter -->
<testsuite hostname="LAPTOP-5RGHKJ2R" failures="0" tests="2" name="testautphongtro.testsearch" time="20.684" errors="0" timestamp="2025-01-10T01:59:37 GMT+07:00" skipped="0">
  <testcase classname="testautphongtro.testsearch" name="testsearchloaiphong" time="7.779"/>
  <system-out/>
  <testcase classname="testautphongtro.testsearch" name="testsearchkhuvuc" time="12.905"/>
  <system-out/>
</testsuite> <!-- testautphongtro.testsearch -->
